<?xml version="1.0" encoding="UTF-8"?>
<!-- Generated by org.testng.reporters.JUnitReportReporter -->
<testsuite hostname="LAPTOP-4TLRMUI9" failures="0" tests="2" name="Testcases.logintestcase" time="28.217" errors="0" timestamp="2023-09-15T12:25:58 IST" skipped="0">
  <testcase classname="Testcases.logintestcase" name="verifyValidLogin" time="10.238"/>
  <testcase classname="Testcases.logintestcase" name="verifyInvalidValidLogin" time="17.979"/>
</testsuite> <!-- Testcases.logintestcase -->
