<?xml version="1.0" encoding="UTF-8"?>
<!-- Generated by org.testng.reporters.JUnitReportReporter -->
<testsuite hostname="LAPTOP-4TLRMUI9" failures="0" tests="1" name="Testcases.MyinfoTestCase" time="57.736" errors="0" timestamp="2023-09-11T20:58:41 IST" skipped="0">
  <testcase classname="Testcases.MyinfoTestCase" name="fillPersonalDetails" time="57.736"/>
</testsuite> <!-- Testcases.MyinfoTestCase -->
